<?xml version="1.0" encoding="UTF-8"?>
<testng-results ignored="0" total="1" passed="1" failed="0" skipped="0">
  <reporter-output>
  </reporter-output>
  <suite started-at="2024-01-22T20:08:42 IST" name="Default suite" finished-at="2024-01-22T20:09:34 IST" duration-ms="51647">
    <groups>
    </groups>
    <test started-at="2024-01-22T20:08:42 IST" name="Default test" finished-at="2024-01-22T20:09:34 IST" duration-ms="51647">
      <class name="Selenium.TestCase1">
        <test-method is-config="true" signature="initialization()[pri:0, instance:Selenium.TestCase1@740cae06]" started-at="2024-01-22T20:08:42 IST" name="initialization" finished-at="2024-01-22T20:09:18 IST" duration-ms="35979" status="PASS">
          <reporter-output>
          </reporter-output>
        </test-method> <!-- initialization -->
        <test-method signature="CheckTotalNoofItems()[pri:0, instance:Selenium.TestCase1@740cae06]" started-at="2024-01-22T20:09:18 IST" name="CheckTotalNoofItems" finished-at="2024-01-22T20:09:34 IST" duration-ms="15592" status="PASS">
          <reporter-output>
          </reporter-output>
        </test-method> <!-- CheckTotalNoofItems -->
      </class> <!-- Selenium.TestCase1 -->
    </test> <!-- Default test -->
  </suite> <!-- Default suite -->
</testng-results>
