<?xml version="1.0" encoding="UTF-8"?>
<testng-results ignored="0" total="1" passed="1" failed="0" skipped="0">
  <reporter-output>
  </reporter-output>
  <suite started-at="2024-01-22T11:33:28 IST" name="Default suite" finished-at="2024-01-22T11:34:20 IST" duration-ms="51677">
    <groups>
    </groups>
    <test started-at="2024-01-22T11:33:28 IST" name="Default test" finished-at="2024-01-22T11:34:20 IST" duration-ms="51677">
      <class name="Selenium.TestCase3">
        <test-method is-config="true" signature="initialization()[pri:0, instance:Selenium.TestCase3@76a4ebf2]" started-at="2024-01-22T11:33:28 IST" name="initialization" finished-at="2024-01-22T11:33:48 IST" duration-ms="19121" status="PASS">
          <reporter-output>
          </reporter-output>
        </test-method> <!-- initialization -->
        <test-method signature="checktheicon()[pri:0, instance:Selenium.TestCase3@76a4ebf2]" started-at="2024-01-22T11:33:48 IST" name="checktheicon" finished-at="2024-01-22T11:34:20 IST" duration-ms="32281" status="PASS">
          <reporter-output>
          </reporter-output>
        </test-method> <!-- checktheicon -->
        <test-method is-config="true" signature="teardown()[pri:0, instance:Selenium.TestCase3@76a4ebf2]" started-at="2024-01-22T11:34:20 IST" name="teardown" finished-at="2024-01-22T11:34:20 IST" duration-ms="227" status="PASS">
          <reporter-output>
          </reporter-output>
        </test-method> <!-- teardown -->
      </class> <!-- Selenium.TestCase3 -->
    </test> <!-- Default test -->
  </suite> <!-- Default suite -->
</testng-results>
